2018-04-04T07:20:47.808+0000 I CONTROL  [initandlisten] MongoDB starting : pid=1 port=27017 dbpath=/data/db 64-bit host=15c4c2c31170
2018-04-04T07:20:47.810+0000 I CONTROL  [initandlisten] db version v3.4.7
2018-04-04T07:20:47.810+0000 I CONTROL  [initandlisten] git version: cf38c1b8a0a8dca4a11737581beafef4fe120bcd
2018-04-04T07:20:47.810+0000 I CONTROL  [initandlisten] OpenSSL version: OpenSSL 1.0.1t  3 May 2016
2018-04-04T07:20:47.811+0000 I CONTROL  [initandlisten] allocator: tcmalloc
2018-04-04T07:20:47.811+0000 I CONTROL  [initandlisten] modules: none
2018-04-04T07:20:47.811+0000 I CONTROL  [initandlisten] build environment:
2018-04-04T07:20:47.811+0000 I CONTROL  [initandlisten]     distmod: debian81
2018-04-04T07:20:47.812+0000 I CONTROL  [initandlisten]     distarch: x86_64
2018-04-04T07:20:47.812+0000 I CONTROL  [initandlisten]     target_arch: x86_64
2018-04-04T07:20:47.812+0000 I CONTROL  [initandlisten] options: { systemLog: { destination: "file", logAppend: true, path: "/var/log/mongodb/mongodb.log" } }
2018-04-04T07:20:47.812+0000 W -        [initandlisten] Detected unclean shutdown - /data/db/mongod.lock is not empty.
2018-04-04T07:20:47.819+0000 I -        [initandlisten] Detected data files in /data/db created by the 'wiredTiger' storage engine, so setting the active storage engine to 'wiredTiger'.
2018-04-04T07:20:47.820+0000 W STORAGE  [initandlisten] Recovering data from the last clean checkpoint.
2018-04-04T07:20:47.821+0000 I STORAGE  [initandlisten] 
2018-04-04T07:20:47.821+0000 I STORAGE  [initandlisten] ** WARNING: Using the XFS filesystem is strongly recommended with the WiredTiger storage engine
2018-04-04T07:20:47.822+0000 I STORAGE  [initandlisten] **          See http://dochub.mongodb.org/core/prodnotes-filesystem
2018-04-04T07:20:47.822+0000 I STORAGE  [initandlisten] wiredtiger_open config: create,cache_size=487M,session_max=20000,eviction=(threads_min=4,threads_max=4),config_base=false,statistics=(fast),log=(enabled=true,archive=true,path=journal,compressor=snappy),file_manager=(close_idle_time=100000),checkpoint=(wait=60,log_size=2GB),statistics_log=(wait=0),
2018-04-04T07:20:48.126+0000 I CONTROL  [initandlisten] 
2018-04-04T07:20:48.126+0000 I CONTROL  [initandlisten] ** WARNING: Access control is not enabled for the database.
2018-04-04T07:20:48.127+0000 I CONTROL  [initandlisten] **          Read and write access to data and configuration is unrestricted.
2018-04-04T07:20:48.127+0000 I CONTROL  [initandlisten] ** WARNING: You are running this process as the root user, which is not recommended.
2018-04-04T07:20:48.127+0000 I CONTROL  [initandlisten] 
2018-04-04T07:20:48.138+0000 I FTDC     [initandlisten] Initializing full-time diagnostic data capture with directory '/data/db/diagnostic.data'
2018-04-04T07:20:48.139+0000 I NETWORK  [thread1] waiting for connections on port 27017
2018-04-04T07:20:49.004+0000 I FTDC     [ftdc] Unclean full-time diagnostic data capture shutdown detected, found interim file, some metrics may have been lost. OK
2018-04-04T07:29:36.189+0000 I NETWORK  [thread1] connection accepted from 172.18.0.3:35842 #1 (1 connection now open)
2018-04-04T07:29:36.195+0000 I NETWORK  [conn1] received client metadata from 172.18.0.3:35842 conn1: { driver: { name: "nodejs", version: "2.2.35" }, os: { type: "Linux", name: "linux", architecture: "x64", version: "4.9.87-linuxkit-aufs" }, platform: "Node.js v8.5.0, LE, mongodb-core: 2.1.19" }
2018-04-04T07:29:36.220+0000 I -        [conn1] end connection 172.18.0.3:35842 (1 connection now open)
2018-04-04T07:37:32.380+0000 I CONTROL  [main] ***** SERVER RESTARTED *****
2018-04-04T07:37:32.383+0000 I CONTROL  [initandlisten] MongoDB starting : pid=1 port=27017 dbpath=/data/db 64-bit host=15c4c2c31170
2018-04-04T07:37:32.384+0000 I CONTROL  [initandlisten] db version v3.4.7
2018-04-04T07:37:32.384+0000 I CONTROL  [initandlisten] git version: cf38c1b8a0a8dca4a11737581beafef4fe120bcd
2018-04-04T07:37:32.384+0000 I CONTROL  [initandlisten] OpenSSL version: OpenSSL 1.0.1t  3 May 2016
2018-04-04T07:37:32.385+0000 I CONTROL  [initandlisten] allocator: tcmalloc
2018-04-04T07:37:32.385+0000 I CONTROL  [initandlisten] modules: none
2018-04-04T07:37:32.386+0000 I CONTROL  [initandlisten] build environment:
2018-04-04T07:37:32.386+0000 I CONTROL  [initandlisten]     distmod: debian81
2018-04-04T07:37:32.387+0000 I CONTROL  [initandlisten]     distarch: x86_64
2018-04-04T07:37:32.387+0000 I CONTROL  [initandlisten]     target_arch: x86_64
2018-04-04T07:37:32.388+0000 I CONTROL  [initandlisten] options: { systemLog: { destination: "file", logAppend: true, path: "/var/log/mongodb/mongodb.log" } }
2018-04-04T07:37:32.388+0000 W -        [initandlisten] Detected unclean shutdown - /data/db/mongod.lock is not empty.
2018-04-04T07:37:32.392+0000 I -        [initandlisten] Detected data files in /data/db created by the 'wiredTiger' storage engine, so setting the active storage engine to 'wiredTiger'.
2018-04-04T07:37:32.393+0000 W STORAGE  [initandlisten] Recovering data from the last clean checkpoint.
2018-04-04T07:37:32.393+0000 I STORAGE  [initandlisten] 
2018-04-04T07:37:32.394+0000 I STORAGE  [initandlisten] ** WARNING: Using the XFS filesystem is strongly recommended with the WiredTiger storage engine
2018-04-04T07:37:32.394+0000 I STORAGE  [initandlisten] **          See http://dochub.mongodb.org/core/prodnotes-filesystem
2018-04-04T07:37:32.394+0000 I STORAGE  [initandlisten] wiredtiger_open config: create,cache_size=487M,session_max=20000,eviction=(threads_min=4,threads_max=4),config_base=false,statistics=(fast),log=(enabled=true,archive=true,path=journal,compressor=snappy),file_manager=(close_idle_time=100000),checkpoint=(wait=60,log_size=2GB),statistics_log=(wait=0),
2018-04-04T07:37:32.561+0000 I CONTROL  [initandlisten] 
2018-04-04T07:37:32.561+0000 I CONTROL  [initandlisten] ** WARNING: Access control is not enabled for the database.
2018-04-04T07:37:32.561+0000 I CONTROL  [initandlisten] **          Read and write access to data and configuration is unrestricted.
2018-04-04T07:37:32.562+0000 I CONTROL  [initandlisten] ** WARNING: You are running this process as the root user, which is not recommended.
2018-04-04T07:37:32.562+0000 I CONTROL  [initandlisten] 
2018-04-04T07:37:32.564+0000 I FTDC     [initandlisten] Initializing full-time diagnostic data capture with directory '/data/db/diagnostic.data'
2018-04-04T07:37:32.565+0000 I NETWORK  [thread1] waiting for connections on port 27017
2018-04-04T07:37:33.008+0000 I FTDC     [ftdc] Unclean full-time diagnostic data capture shutdown detected, found interim file, some metrics may have been lost. OK
2018-04-04T07:44:22.286+0000 I CONTROL  [signalProcessingThread] got signal 15 (Terminated), will terminate after current cmd ends
2018-04-04T07:44:22.286+0000 I NETWORK  [signalProcessingThread] shutdown: going to close listening sockets...
2018-04-04T07:44:22.287+0000 I NETWORK  [signalProcessingThread] closing listening socket: 7
2018-04-04T07:44:22.287+0000 I NETWORK  [signalProcessingThread] closing listening socket: 8
2018-04-04T07:44:22.287+0000 I NETWORK  [signalProcessingThread] removing socket file: /tmp/mongodb-27017.sock
2018-04-04T07:44:22.287+0000 I NETWORK  [signalProcessingThread] shutdown: going to flush diaglog...
2018-04-04T07:44:22.288+0000 I FTDC     [signalProcessingThread] Shutting down full-time diagnostic data capture
2018-04-04T07:44:22.290+0000 I STORAGE  [signalProcessingThread] WiredTigerKVEngine shutting down
2018-04-04T07:44:22.399+0000 I STORAGE  [signalProcessingThread] shutdown: removing fs lock...
2018-04-04T07:44:22.399+0000 I CONTROL  [signalProcessingThread] now exiting
2018-04-04T07:44:22.399+0000 I CONTROL  [signalProcessingThread] shutting down with code:0
2018-04-04T07:57:05.079+0000 I CONTROL  [main] ***** SERVER RESTARTED *****
2018-04-04T07:57:05.089+0000 I CONTROL  [initandlisten] MongoDB starting : pid=1 port=27017 dbpath=/data/db 64-bit host=15c4c2c31170
2018-04-04T07:57:05.089+0000 I CONTROL  [initandlisten] db version v3.4.7
2018-04-04T07:57:05.090+0000 I CONTROL  [initandlisten] git version: cf38c1b8a0a8dca4a11737581beafef4fe120bcd
2018-04-04T07:57:05.090+0000 I CONTROL  [initandlisten] OpenSSL version: OpenSSL 1.0.1t  3 May 2016
2018-04-04T07:57:05.090+0000 I CONTROL  [initandlisten] allocator: tcmalloc
2018-04-04T07:57:05.090+0000 I CONTROL  [initandlisten] modules: none
2018-04-04T07:57:05.091+0000 I CONTROL  [initandlisten] build environment:
2018-04-04T07:57:05.091+0000 I CONTROL  [initandlisten]     distmod: debian81
2018-04-04T07:57:05.091+0000 I CONTROL  [initandlisten]     distarch: x86_64
2018-04-04T07:57:05.092+0000 I CONTROL  [initandlisten]     target_arch: x86_64
2018-04-04T07:57:05.092+0000 I CONTROL  [initandlisten] options: { systemLog: { destination: "file", logAppend: true, path: "/var/log/mongodb/mongodb.log" } }
2018-04-04T07:57:05.097+0000 I -        [initandlisten] Detected data files in /data/db created by the 'wiredTiger' storage engine, so setting the active storage engine to 'wiredTiger'.
2018-04-04T07:57:05.097+0000 I STORAGE  [initandlisten] 
2018-04-04T07:57:05.097+0000 I STORAGE  [initandlisten] ** WARNING: Using the XFS filesystem is strongly recommended with the WiredTiger storage engine
2018-04-04T07:57:05.098+0000 I STORAGE  [initandlisten] **          See http://dochub.mongodb.org/core/prodnotes-filesystem
2018-04-04T07:57:05.098+0000 I STORAGE  [initandlisten] wiredtiger_open config: create,cache_size=487M,session_max=20000,eviction=(threads_min=4,threads_max=4),config_base=false,statistics=(fast),log=(enabled=true,archive=true,path=journal,compressor=snappy),file_manager=(close_idle_time=100000),checkpoint=(wait=60,log_size=2GB),statistics_log=(wait=0),
2018-04-04T07:57:05.331+0000 I CONTROL  [initandlisten] 
2018-04-04T07:57:05.332+0000 I CONTROL  [initandlisten] ** WARNING: Access control is not enabled for the database.
2018-04-04T07:57:05.333+0000 I CONTROL  [initandlisten] **          Read and write access to data and configuration is unrestricted.
2018-04-04T07:57:05.344+0000 I CONTROL  [initandlisten] ** WARNING: You are running this process as the root user, which is not recommended.
2018-04-04T07:57:05.344+0000 I CONTROL  [initandlisten] 
2018-04-04T07:57:05.346+0000 I FTDC     [initandlisten] Initializing full-time diagnostic data capture with directory '/data/db/diagnostic.data'
2018-04-04T07:57:05.346+0000 I NETWORK  [thread1] waiting for connections on port 27017
2018-04-04T08:05:43.142+0000 I CONTROL  [signalProcessingThread] got signal 15 (Terminated), will terminate after current cmd ends
2018-04-04T08:05:43.143+0000 I NETWORK  [signalProcessingThread] shutdown: going to close listening sockets...
2018-04-04T08:05:43.143+0000 I NETWORK  [signalProcessingThread] closing listening socket: 7
2018-04-04T08:05:43.143+0000 I NETWORK  [signalProcessingThread] closing listening socket: 8
2018-04-04T08:05:43.143+0000 I NETWORK  [signalProcessingThread] removing socket file: /tmp/mongodb-27017.sock
2018-04-04T08:05:43.144+0000 I NETWORK  [signalProcessingThread] shutdown: going to flush diaglog...
2018-04-04T08:05:43.144+0000 I FTDC     [signalProcessingThread] Shutting down full-time diagnostic data capture
2018-04-04T08:05:43.146+0000 I STORAGE  [signalProcessingThread] WiredTigerKVEngine shutting down
2018-04-04T08:05:43.181+0000 I STORAGE  [signalProcessingThread] shutdown: removing fs lock...
2018-04-04T08:05:43.181+0000 I CONTROL  [signalProcessingThread] now exiting
2018-04-04T08:05:43.181+0000 I CONTROL  [signalProcessingThread] shutting down with code:0
2018-04-04T08:05:47.043+0000 I CONTROL  [main] ***** SERVER RESTARTED *****
2018-04-04T08:05:47.048+0000 I CONTROL  [initandlisten] MongoDB starting : pid=1 port=27017 dbpath=/data/db 64-bit host=15c4c2c31170
2018-04-04T08:05:47.049+0000 I CONTROL  [initandlisten] db version v3.4.7
2018-04-04T08:05:47.049+0000 I CONTROL  [initandlisten] git version: cf38c1b8a0a8dca4a11737581beafef4fe120bcd
2018-04-04T08:05:47.049+0000 I CONTROL  [initandlisten] OpenSSL version: OpenSSL 1.0.1t  3 May 2016
2018-04-04T08:05:47.050+0000 I CONTROL  [initandlisten] allocator: tcmalloc
2018-04-04T08:05:47.051+0000 I CONTROL  [initandlisten] modules: none
2018-04-04T08:05:47.051+0000 I CONTROL  [initandlisten] build environment:
2018-04-04T08:05:47.051+0000 I CONTROL  [initandlisten]     distmod: debian81
2018-04-04T08:05:47.052+0000 I CONTROL  [initandlisten]     distarch: x86_64
2018-04-04T08:05:47.052+0000 I CONTROL  [initandlisten]     target_arch: x86_64
2018-04-04T08:05:47.053+0000 I CONTROL  [initandlisten] options: { systemLog: { destination: "file", logAppend: true, path: "/var/log/mongodb/mongodb.log" } }
2018-04-04T08:05:47.058+0000 I -        [initandlisten] Detected data files in /data/db created by the 'wiredTiger' storage engine, so setting the active storage engine to 'wiredTiger'.
2018-04-04T08:05:47.058+0000 I STORAGE  [initandlisten] 
2018-04-04T08:05:47.059+0000 I STORAGE  [initandlisten] ** WARNING: Using the XFS filesystem is strongly recommended with the WiredTiger storage engine
2018-04-04T08:05:47.059+0000 I STORAGE  [initandlisten] **          See http://dochub.mongodb.org/core/prodnotes-filesystem
2018-04-04T08:05:47.060+0000 I STORAGE  [initandlisten] wiredtiger_open config: create,cache_size=487M,session_max=20000,eviction=(threads_min=4,threads_max=4),config_base=false,statistics=(fast),log=(enabled=true,archive=true,path=journal,compressor=snappy),file_manager=(close_idle_time=100000),checkpoint=(wait=60,log_size=2GB),statistics_log=(wait=0),
2018-04-04T08:05:47.285+0000 I CONTROL  [initandlisten] 
2018-04-04T08:05:47.285+0000 I CONTROL  [initandlisten] ** WARNING: Access control is not enabled for the database.
2018-04-04T08:05:47.285+0000 I CONTROL  [initandlisten] **          Read and write access to data and configuration is unrestricted.
2018-04-04T08:05:47.286+0000 I CONTROL  [initandlisten] ** WARNING: You are running this process as the root user, which is not recommended.
2018-04-04T08:05:47.286+0000 I CONTROL  [initandlisten] 
2018-04-04T08:05:47.288+0000 I FTDC     [initandlisten] Initializing full-time diagnostic data capture with directory '/data/db/diagnostic.data'
2018-04-04T08:05:47.289+0000 I NETWORK  [thread1] waiting for connections on port 27017
2018-04-04T08:06:32.221+0000 I NETWORK  [thread1] connection accepted from 172.18.0.3:35968 #1 (1 connection now open)
2018-04-04T08:06:32.222+0000 I NETWORK  [conn1] received client metadata from 172.18.0.3:35968 conn1: { driver: { name: "nodejs", version: "3.0.5" }, os: { type: "Linux", name: "linux", architecture: "x64", version: "4.9.87-linuxkit-aufs" }, platform: "Node.js v8.5.0, LE, mongodb-core: 3.0.5" }
2018-04-04T08:06:32.227+0000 I -        [conn1] end connection 172.18.0.3:35968 (1 connection now open)
2018-04-04T08:08:02.020+0000 I NETWORK  [thread1] connection accepted from 172.18.0.3:35988 #2 (1 connection now open)
2018-04-04T08:08:02.025+0000 I NETWORK  [conn2] received client metadata from 172.18.0.3:35988 conn2: { driver: { name: "nodejs", version: "3.0.5" }, os: { type: "Linux", name: "linux", architecture: "x64", version: "4.9.87-linuxkit-aufs" }, platform: "Node.js v8.5.0, LE, mongodb-core: 3.0.5" }
2018-04-04T08:08:02.030+0000 I -        [conn2] end connection 172.18.0.3:35988 (1 connection now open)
2018-04-04T08:10:20.902+0000 I NETWORK  [thread1] connection accepted from 172.18.0.3:36004 #3 (1 connection now open)
2018-04-04T08:10:20.905+0000 I NETWORK  [conn3] received client metadata from 172.18.0.3:36004 conn3: { driver: { name: "nodejs", version: "3.0.5" }, os: { type: "Linux", name: "linux", architecture: "x64", version: "4.9.87-linuxkit-aufs" }, platform: "Node.js v8.5.0, LE, mongodb-core: 3.0.5" }
2018-04-04T08:10:20.910+0000 I -        [conn3] end connection 172.18.0.3:36004 (1 connection now open)
2018-04-04T08:13:17.212+0000 I NETWORK  [thread1] connection accepted from 172.18.0.3:36010 #4 (1 connection now open)
2018-04-04T08:13:17.218+0000 I NETWORK  [conn4] received client metadata from 172.18.0.3:36010 conn4: { driver: { name: "nodejs", version: "3.0.5" }, os: { type: "Linux", name: "linux", architecture: "x64", version: "4.9.87-linuxkit-aufs" }, platform: "Node.js v8.5.0, LE, mongodb-core: 3.0.5" }
2018-04-04T08:13:17.225+0000 I -        [conn4] end connection 172.18.0.3:36010 (1 connection now open)
2018-04-04T08:15:40.434+0000 I CONTROL  [main] ***** SERVER RESTARTED *****
2018-04-04T08:15:40.438+0000 I CONTROL  [initandlisten] MongoDB starting : pid=1 port=27017 dbpath=/data/db 64-bit host=15c4c2c31170
2018-04-04T08:15:40.438+0000 I CONTROL  [initandlisten] db version v3.4.7
2018-04-04T08:15:40.439+0000 I CONTROL  [initandlisten] git version: cf38c1b8a0a8dca4a11737581beafef4fe120bcd
2018-04-04T08:15:40.439+0000 I CONTROL  [initandlisten] OpenSSL version: OpenSSL 1.0.1t  3 May 2016
2018-04-04T08:15:40.439+0000 I CONTROL  [initandlisten] allocator: tcmalloc
2018-04-04T08:15:40.439+0000 I CONTROL  [initandlisten] modules: none
2018-04-04T08:15:40.440+0000 I CONTROL  [initandlisten] build environment:
2018-04-04T08:15:40.440+0000 I CONTROL  [initandlisten]     distmod: debian81
2018-04-04T08:15:40.440+0000 I CONTROL  [initandlisten]     distarch: x86_64
2018-04-04T08:15:40.440+0000 I CONTROL  [initandlisten]     target_arch: x86_64
2018-04-04T08:15:40.441+0000 I CONTROL  [initandlisten] options: { systemLog: { destination: "file", logAppend: true, path: "/var/log/mongodb/mongodb.log" } }
2018-04-04T08:15:40.441+0000 W -        [initandlisten] Detected unclean shutdown - /data/db/mongod.lock is not empty.
2018-04-04T08:15:40.444+0000 I -        [initandlisten] Detected data files in /data/db created by the 'wiredTiger' storage engine, so setting the active storage engine to 'wiredTiger'.
2018-04-04T08:15:40.445+0000 W STORAGE  [initandlisten] Recovering data from the last clean checkpoint.
2018-04-04T08:15:40.445+0000 I STORAGE  [initandlisten] 
2018-04-04T08:15:40.445+0000 I STORAGE  [initandlisten] ** WARNING: Using the XFS filesystem is strongly recommended with the WiredTiger storage engine
2018-04-04T08:15:40.446+0000 I STORAGE  [initandlisten] **          See http://dochub.mongodb.org/core/prodnotes-filesystem
2018-04-04T08:15:40.446+0000 I STORAGE  [initandlisten] wiredtiger_open config: create,cache_size=487M,session_max=20000,eviction=(threads_min=4,threads_max=4),config_base=false,statistics=(fast),log=(enabled=true,archive=true,path=journal,compressor=snappy),file_manager=(close_idle_time=100000),checkpoint=(wait=60,log_size=2GB),statistics_log=(wait=0),
2018-04-04T08:15:40.615+0000 I CONTROL  [initandlisten] 
2018-04-04T08:15:40.615+0000 I CONTROL  [initandlisten] ** WARNING: Access control is not enabled for the database.
2018-04-04T08:15:40.616+0000 I CONTROL  [initandlisten] **          Read and write access to data and configuration is unrestricted.
2018-04-04T08:15:40.616+0000 I CONTROL  [initandlisten] ** WARNING: You are running this process as the root user, which is not recommended.
2018-04-04T08:15:40.618+0000 I CONTROL  [initandlisten] 
2018-04-04T08:15:40.620+0000 I FTDC     [initandlisten] Initializing full-time diagnostic data capture with directory '/data/db/diagnostic.data'
2018-04-04T08:15:40.621+0000 I NETWORK  [thread1] waiting for connections on port 27017
2018-04-04T08:15:41.018+0000 I FTDC     [ftdc] Unclean full-time diagnostic data capture shutdown detected, found interim file, some metrics may have been lost. OK
2018-04-04T08:22:34.527+0000 I CONTROL  [main] ***** SERVER RESTARTED *****
2018-04-04T08:22:34.531+0000 I CONTROL  [initandlisten] MongoDB starting : pid=1 port=27017 dbpath=/data/db 64-bit host=15c4c2c31170
2018-04-04T08:22:34.533+0000 I CONTROL  [initandlisten] db version v3.4.7
2018-04-04T08:22:34.533+0000 I CONTROL  [initandlisten] git version: cf38c1b8a0a8dca4a11737581beafef4fe120bcd
2018-04-04T08:22:34.534+0000 I CONTROL  [initandlisten] OpenSSL version: OpenSSL 1.0.1t  3 May 2016
2018-04-04T08:22:34.534+0000 I CONTROL  [initandlisten] allocator: tcmalloc
2018-04-04T08:22:34.534+0000 I CONTROL  [initandlisten] modules: none
2018-04-04T08:22:34.535+0000 I CONTROL  [initandlisten] build environment:
2018-04-04T08:22:34.535+0000 I CONTROL  [initandlisten]     distmod: debian81
2018-04-04T08:22:34.535+0000 I CONTROL  [initandlisten]     distarch: x86_64
2018-04-04T08:22:34.535+0000 I CONTROL  [initandlisten]     target_arch: x86_64
2018-04-04T08:22:34.536+0000 I CONTROL  [initandlisten] options: { systemLog: { destination: "file", logAppend: true, path: "/var/log/mongodb/mongodb.log" } }
2018-04-04T08:22:34.536+0000 W -        [initandlisten] Detected unclean shutdown - /data/db/mongod.lock is not empty.
2018-04-04T08:22:34.540+0000 I -        [initandlisten] Detected data files in /data/db created by the 'wiredTiger' storage engine, so setting the active storage engine to 'wiredTiger'.
2018-04-04T08:22:34.541+0000 W STORAGE  [initandlisten] Recovering data from the last clean checkpoint.
2018-04-04T08:22:34.541+0000 I STORAGE  [initandlisten] 
2018-04-04T08:22:34.541+0000 I STORAGE  [initandlisten] ** WARNING: Using the XFS filesystem is strongly recommended with the WiredTiger storage engine
2018-04-04T08:22:34.542+0000 I STORAGE  [initandlisten] **          See http://dochub.mongodb.org/core/prodnotes-filesystem
2018-04-04T08:22:34.543+0000 I STORAGE  [initandlisten] wiredtiger_open config: create,cache_size=487M,session_max=20000,eviction=(threads_min=4,threads_max=4),config_base=false,statistics=(fast),log=(enabled=true,archive=true,path=journal,compressor=snappy),file_manager=(close_idle_time=100000),checkpoint=(wait=60,log_size=2GB),statistics_log=(wait=0),
2018-04-04T08:22:34.713+0000 I CONTROL  [initandlisten] 
2018-04-04T08:22:34.713+0000 I CONTROL  [initandlisten] ** WARNING: Access control is not enabled for the database.
2018-04-04T08:22:34.713+0000 I CONTROL  [initandlisten] **          Read and write access to data and configuration is unrestricted.
2018-04-04T08:22:34.714+0000 I CONTROL  [initandlisten] ** WARNING: You are running this process as the root user, which is not recommended.
2018-04-04T08:22:34.714+0000 I CONTROL  [initandlisten] 
2018-04-04T08:22:34.716+0000 I FTDC     [initandlisten] Initializing full-time diagnostic data capture with directory '/data/db/diagnostic.data'
2018-04-04T08:22:34.716+0000 I NETWORK  [thread1] waiting for connections on port 27017
2018-04-04T08:22:35.003+0000 I FTDC     [ftdc] Unclean full-time diagnostic data capture shutdown detected, found interim file, some metrics may have been lost. OK
2018-04-04T08:23:06.895+0000 I NETWORK  [thread1] connection accepted from 172.18.0.3:36036 #1 (1 connection now open)
2018-04-04T08:23:06.902+0000 I NETWORK  [conn1] received client metadata from 172.18.0.3:36036 conn1: { driver: { name: "nodejs", version: "3.0.5" }, os: { type: "Linux", name: "linux", architecture: "x64", version: "4.9.87-linuxkit-aufs" }, platform: "Node.js v8.5.0, LE, mongodb-core: 3.0.5" }
2018-04-04T08:23:06.914+0000 I -        [conn1] end connection 172.18.0.3:36036 (1 connection now open)
